{"/home/ptm/Documents/Node-js-projects/array-json/src/addObject.ts": {"path":"/home/ptm/Documents/Node-js-projects/array-json/src/addObject.ts","statementMap":{"0":{"start":{"line":1,"column":0},"end":{"line":1,"column":38}},"1":{"start":{"line":2,"column":0},"end":{"line":2,"column":40}},"2":{"start":{"line":3,"column":0},"end":{"line":3,"column":32}},"3":{"start":{"line":29,"column":25},"end":{"line":48,"column":1}},"4":{"start":{"line":30,"column":2},"end":{"line":47,"column":3}},"5":{"start":{"line":31,"column":19},"end":{"line":31,"column":40}},"6":{"start":{"line":32,"column":4},"end":{"line":36,"column":5}},"7":{"start":{"line":33,"column":6},"end":{"line":33,"column":77}},"8":{"start":{"line":34,"column":6},"end":{"line":34,"column":27}},"9":{"start":{"line":35,"column":6},"end":{"line":35,"column":13}},"10":{"start":{"line":37,"column":20},"end":{"line":40,"column":6}},"11":{"start":{"line":41,"column":32},"end":{"line":41,"column":56}},"12":{"start":{"line":42,"column":24},"end":{"line":42,"column":50}},"13":{"start":{"line":44,"column":4},"end":{"line":44,"column":43}},"14":{"start":{"line":46,"column":4},"end":{"line":46,"column":23}},"15":{"start":{"line":29,"column":13},"end":{"line":29,"column":25}}},"fnMap":{"0":{"name":"(anonymous_0)","decl":{"start":{"line":29,"column":25},"end":{"line":29,"column":30}},"loc":{"start":{"line":29,"column":78},"end":{"line":48,"column":1}}}},"branchMap":{"0":{"loc":{"start":{"line":32,"column":4},"end":{"line":36,"column":5}},"type":"if","locations":[{"start":{"line":32,"column":4},"end":{"line":36,"column":5}}]}},"s":{"0":1,"1":1,"2":1,"3":1,"4":2,"5":2,"6":2,"7":1,"8":1,"9":1,"10":1,"11":1,"12":1,"13":1,"14":0,"15":1},"f":{"0":2},"b":{"0":[1]}}
,"/home/ptm/Documents/Node-js-projects/array-json/src/editObject.ts": {"path":"/home/ptm/Documents/Node-js-projects/array-json/src/editObject.ts","statementMap":{"0":{"start":{"line":1,"column":0},"end":{"line":1,"column":38}},"1":{"start":{"line":2,"column":0},"end":{"line":2,"column":40}},"2":{"start":{"line":3,"column":0},"end":{"line":3,"column":32}},"3":{"start":{"line":25,"column":26},"end":{"line":64,"column":1}},"4":{"start":{"line":30,"column":2},"end":{"line":63,"column":3}},"5":{"start":{"line":32,"column":28},"end":{"line":32,"column":49}},"6":{"start":{"line":33,"column":4},"end":{"line":35,"column":5}},"7":{"start":{"line":34,"column":6},"end":{"line":34,"column":52}},"8":{"start":{"line":38,"column":32},"end":{"line":38,"column":56}},"9":{"start":{"line":41,"column":30},"end":{"line":41,"column":73}},"10":{"start":{"line":41,"column":58},"end":{"line":41,"column":72}},"11":{"start":{"line":44,"column":26},"end":{"line":47,"column":6}},"12":{"start":{"line":50,"column":25},"end":{"line":55,"column":6}},"13":{"start":{"line":51,"column":6},"end":{"line":53,"column":7}},"14":{"start":{"line":52,"column":8},"end":{"line":52,"column":29}},"15":{"start":{"line":54,"column":6},"end":{"line":54,"column":18}},"16":{"start":{"line":58,"column":4},"end":{"line":60,"column":12}},"17":{"start":{"line":59,"column":6},"end":{"line":59,"column":46}},"18":{"start":{"line":62,"column":4},"end":{"line":62,"column":23}},"19":{"start":{"line":25,"column":13},"end":{"line":25,"column":26}}},"fnMap":{"0":{"name":"(anonymous_0)","decl":{"start":{"line":25,"column":26},"end":{"line":25,"column":31}},"loc":{"start":{"line":29,"column":4},"end":{"line":64,"column":1}}},"1":{"name":"(anonymous_1)","decl":{"start":{"line":41,"column":48},"end":{"line":41,"column":49}},"loc":{"start":{"line":41,"column":58},"end":{"line":41,"column":72}}},"2":{"name":"(anonymous_2)","decl":{"start":{"line":50,"column":42},"end":{"line":50,"column":43}},"loc":{"start":{"line":50,"column":51},"end":{"line":55,"column":5}}},"3":{"name":"(anonymous_3)","decl":{"start":{"line":58,"column":15},"end":{"line":58,"column":20}},"loc":{"start":{"line":58,"column":26},"end":{"line":60,"column":5}}}},"branchMap":{"0":{"loc":{"start":{"line":33,"column":4},"end":{"line":35,"column":5}},"type":"if","locations":[{"start":{"line":33,"column":4},"end":{"line":35,"column":5}}]},"1":{"loc":{"start":{"line":51,"column":6},"end":{"line":53,"column":7}},"type":"if","locations":[{"start":{"line":51,"column":6},"end":{"line":53,"column":7}}]}},"s":{"0":1,"1":1,"2":1,"3":1,"4":2,"5":2,"6":2,"7":1,"8":1,"9":1,"10":1,"11":1,"12":1,"13":3,"14":1,"15":2,"16":1,"17":0,"18":1,"19":1},"f":{"0":2,"1":1,"2":3,"3":0},"b":{"0":[1],"1":[1]}}
,"/home/ptm/Documents/Node-js-projects/array-json/src/exist.ts": {"path":"/home/ptm/Documents/Node-js-projects/array-json/src/exist.ts","statementMap":{"0":{"start":{"line":1,"column":0},"end":{"line":1,"column":48}},"1":{"start":{"line":11,"column":21},"end":{"line":18,"column":1}},"2":{"start":{"line":12,"column":2},"end":{"line":17,"column":3}},"3":{"start":{"line":13,"column":4},"end":{"line":13,"column":58}},"4":{"start":{"line":14,"column":4},"end":{"line":14,"column":16}},"5":{"start":{"line":16,"column":4},"end":{"line":16,"column":17}},"6":{"start":{"line":11,"column":13},"end":{"line":11,"column":21}}},"fnMap":{"0":{"name":"(anonymous_0)","decl":{"start":{"line":11,"column":21},"end":{"line":11,"column":26}},"loc":{"start":{"line":11,"column":61},"end":{"line":18,"column":1}}}},"branchMap":{},"s":{"0":1,"1":1,"2":10,"3":10,"4":5,"5":5,"6":1},"f":{"0":10},"b":{}}
,"/home/ptm/Documents/Node-js-projects/array-json/src/findObject.ts": {"path":"/home/ptm/Documents/Node-js-projects/array-json/src/findObject.ts","statementMap":{"0":{"start":{"line":1,"column":0},"end":{"line":1,"column":38}},"1":{"start":{"line":3,"column":0},"end":{"line":3,"column":32}},"2":{"start":{"line":26,"column":26},"end":{"line":40,"column":1}},"3":{"start":{"line":27,"column":2},"end":{"line":39,"column":3}},"4":{"start":{"line":28,"column":19},"end":{"line":28,"column":40}},"5":{"start":{"line":29,"column":4},"end":{"line":33,"column":5}},"6":{"start":{"line":30,"column":6},"end":{"line":30,"column":50}},"7":{"start":{"line":31,"column":6},"end":{"line":31,"column":27}},"8":{"start":{"line":32,"column":6},"end":{"line":32,"column":13}},"9":{"start":{"line":34,"column":32},"end":{"line":34,"column":56}},"10":{"start":{"line":35,"column":24},"end":{"line":35,"column":63}},"11":{"start":{"line":35,"column":51},"end":{"line":35,"column":62}},"12":{"start":{"line":36,"column":4},"end":{"line":36,"column":26}},"13":{"start":{"line":38,"column":4},"end":{"line":38,"column":23}},"14":{"start":{"line":26,"column":13},"end":{"line":26,"column":26}}},"fnMap":{"0":{"name":"(anonymous_0)","decl":{"start":{"line":26,"column":26},"end":{"line":26,"column":31}},"loc":{"start":{"line":26,"column":62},"end":{"line":40,"column":1}}},"1":{"name":"(anonymous_1)","decl":{"start":{"line":35,"column":44},"end":{"line":35,"column":45}},"loc":{"start":{"line":35,"column":51},"end":{"line":35,"column":62}}}},"branchMap":{"0":{"loc":{"start":{"line":29,"column":4},"end":{"line":33,"column":5}},"type":"if","locations":[{"start":{"line":29,"column":4},"end":{"line":33,"column":5}}]}},"s":{"0":1,"1":1,"2":1,"3":2,"4":2,"5":2,"6":1,"7":1,"8":1,"9":1,"10":1,"11":4,"12":1,"13":0,"14":1},"f":{"0":2,"1":4},"b":{"0":[1]}}
,"/home/ptm/Documents/Node-js-projects/array-json/src/getFileData.ts": {"path":"/home/ptm/Documents/Node-js-projects/array-json/src/getFileData.ts","statementMap":{"0":{"start":{"line":1,"column":0},"end":{"line":1,"column":38}},"1":{"start":{"line":25,"column":27},"end":{"line":33,"column":1}},"2":{"start":{"line":26,"column":2},"end":{"line":32,"column":3}},"3":{"start":{"line":27,"column":32},"end":{"line":27,"column":56}},"4":{"start":{"line":28,"column":4},"end":{"line":28,"column":24}},"5":{"start":{"line":30,"column":4},"end":{"line":30,"column":25}},"6":{"start":{"line":31,"column":4},"end":{"line":31,"column":14}},"7":{"start":{"line":25,"column":13},"end":{"line":25,"column":27}}},"fnMap":{"0":{"name":"(anonymous_0)","decl":{"start":{"line":25,"column":27},"end":{"line":25,"column":32}},"loc":{"start":{"line":25,"column":70},"end":{"line":33,"column":1}}}},"branchMap":{},"s":{"0":1,"1":1,"2":2,"3":2,"4":1,"5":1,"6":1,"7":1},"f":{"0":2},"b":{}}
,"/home/ptm/Documents/Node-js-projects/array-json/src/index.ts": {"path":"/home/ptm/Documents/Node-js-projects/array-json/src/index.ts","statementMap":{"0":{"start":{"line":8,"column":0},"end":{"line":8,"column":28}},"1":{"start":{"line":9,"column":0},"end":{"line":9,"column":29}},"2":{"start":{"line":10,"column":0},"end":{"line":10,"column":24}},"3":{"start":{"line":11,"column":0},"end":{"line":11,"column":29}},"4":{"start":{"line":12,"column":0},"end":{"line":12,"column":30}},"5":{"start":{"line":13,"column":0},"end":{"line":13,"column":27}},"6":{"start":{"line":14,"column":0},"end":{"line":14,"column":28}},"7":{"start":{"line":15,"column":0},"end":{"line":15,"column":28}}},"fnMap":{},"branchMap":{},"s":{"0":1,"1":1,"2":1,"3":1,"4":1,"5":1,"6":1,"7":1},"f":{},"b":{}}
,"/home/ptm/Documents/Node-js-projects/array-json/src/readJson.ts": {"path":"/home/ptm/Documents/Node-js-projects/array-json/src/readJson.ts","statementMap":{"0":{"start":{"line":1,"column":0},"end":{"line":1,"column":35}},"1":{"start":{"line":36,"column":24},"end":{"line":58,"column":1}},"2":{"start":{"line":37,"column":2},"end":{"line":57,"column":3}},"3":{"start":{"line":38,"column":24},"end":{"line":38,"column":49}},"4":{"start":{"line":39,"column":19},"end":{"line":39,"column":49}},"5":{"start":{"line":40,"column":38},"end":{"line":40,"column":40}},"6":{"start":{"line":42,"column":4},"end":{"line":44,"column":5}},"7":{"start":{"line":43,"column":6},"end":{"line":43,"column":25}},"8":{"start":{"line":46,"column":19},"end":{"line":46,"column":40}},"9":{"start":{"line":47,"column":23},"end":{"line":47,"column":47}},"10":{"start":{"line":49,"column":4},"end":{"line":49,"column":34}},"11":{"start":{"line":51,"column":23},"end":{"line":51,"column":53}},"12":{"start":{"line":52,"column":4},"end":{"line":54,"column":5}},"13":{"start":{"line":53,"column":6},"end":{"line":53,"column":49}},"14":{"start":{"line":55,"column":4},"end":{"line":55,"column":25}},"15":{"start":{"line":56,"column":4},"end":{"line":56,"column":16}},"16":{"start":{"line":36,"column":13},"end":{"line":36,"column":24}}},"fnMap":{"0":{"name":"(anonymous_0)","decl":{"start":{"line":36,"column":24},"end":{"line":36,"column":29}},"loc":{"start":{"line":36,"column":65},"end":{"line":58,"column":1}}}},"branchMap":{"0":{"loc":{"start":{"line":52,"column":4},"end":{"line":54,"column":5}},"type":"if","locations":[{"start":{"line":52,"column":4},"end":{"line":54,"column":5}}]}},"s":{"0":1,"1":1,"2":9,"3":9,"4":7,"5":7,"6":7,"7":7,"8":7,"9":7,"10":7,"11":2,"12":2,"13":2,"14":2,"15":2,"16":1},"f":{"0":9},"b":{"0":[2]}}
,"/home/ptm/Documents/Node-js-projects/array-json/src/removeObj.ts": {"path":"/home/ptm/Documents/Node-js-projects/array-json/src/removeObj.ts","statementMap":{"0":{"start":{"line":1,"column":0},"end":{"line":1,"column":38}},"1":{"start":{"line":2,"column":0},"end":{"line":2,"column":40}},"2":{"start":{"line":3,"column":0},"end":{"line":3,"column":32}},"3":{"start":{"line":31,"column":28},"end":{"line":53,"column":1}},"4":{"start":{"line":35,"column":2},"end":{"line":52,"column":3}},"5":{"start":{"line":36,"column":19},"end":{"line":36,"column":40}},"6":{"start":{"line":37,"column":4},"end":{"line":41,"column":5}},"7":{"start":{"line":38,"column":6},"end":{"line":38,"column":51}},"8":{"start":{"line":39,"column":6},"end":{"line":39,"column":27}},"9":{"start":{"line":40,"column":6},"end":{"line":40,"column":13}},"10":{"start":{"line":43,"column":32},"end":{"line":43,"column":56}},"11":{"start":{"line":46,"column":26},"end":{"line":46,"column":71}},"12":{"start":{"line":46,"column":56},"end":{"line":46,"column":70}},"13":{"start":{"line":49,"column":4},"end":{"line":49,"column":45}},"14":{"start":{"line":51,"column":4},"end":{"line":51,"column":23}},"15":{"start":{"line":31,"column":13},"end":{"line":31,"column":28}}},"fnMap":{"0":{"name":"(anonymous_0)","decl":{"start":{"line":31,"column":28},"end":{"line":31,"column":33}},"loc":{"start":{"line":34,"column":19},"end":{"line":53,"column":1}}},"1":{"name":"(anonymous_1)","decl":{"start":{"line":46,"column":46},"end":{"line":46,"column":47}},"loc":{"start":{"line":46,"column":56},"end":{"line":46,"column":70}}}},"branchMap":{"0":{"loc":{"start":{"line":37,"column":4},"end":{"line":41,"column":5}},"type":"if","locations":[{"start":{"line":37,"column":4},"end":{"line":41,"column":5}}]}},"s":{"0":1,"1":1,"2":1,"3":1,"4":2,"5":2,"6":2,"7":1,"8":1,"9":1,"10":1,"11":1,"12":2,"13":1,"14":0,"15":1},"f":{"0":2,"1":2},"b":{"0":[1]}}
,"/home/ptm/Documents/Node-js-projects/array-json/src/writeJson.ts": {"path":"/home/ptm/Documents/Node-js-projects/array-json/src/writeJson.ts","statementMap":{"0":{"start":{"line":1,"column":0},"end":{"line":1,"column":36}},"1":{"start":{"line":2,"column":0},"end":{"line":2,"column":47}},"2":{"start":{"line":35,"column":25},"end":{"line":48,"column":1}},"3":{"start":{"line":39,"column":2},"end":{"line":47,"column":3}},"4":{"start":{"line":40,"column":23},"end":{"line":40,"column":40}},"5":{"start":{"line":41,"column":4},"end":{"line":41,"column":49}},"6":{"start":{"line":42,"column":24},"end":{"line":42,"column":56}},"7":{"start":{"line":43,"column":4},"end":{"line":43,"column":56}},"8":{"start":{"line":43,"column":35},"end":{"line":43,"column":54}},"9":{"start":{"line":44,"column":4},"end":{"line":44,"column":43}},"10":{"start":{"line":46,"column":4},"end":{"line":46,"column":62}},"11":{"start":{"line":35,"column":13},"end":{"line":35,"column":25}}},"fnMap":{"0":{"name":"(anonymous_0)","decl":{"start":{"line":35,"column":25},"end":{"line":35,"column":30}},"loc":{"start":{"line":38,"column":19},"end":{"line":48,"column":1}}},"1":{"name":"(anonymous_1)","decl":{"start":{"line":43,"column":22},"end":{"line":43,"column":23}},"loc":{"start":{"line":43,"column":35},"end":{"line":43,"column":54}}}},"branchMap":{},"s":{"0":1,"1":1,"2":1,"3":5,"4":5,"5":5,"6":5,"7":5,"8":5,"9":5,"10":0,"11":1},"f":{"0":5,"1":5},"b":{}}
}
